2025-10-18 01:53:00.090 [main] ERROR o.s.b.d.LoggingFailureAnalysisReporter - 

***************************
APPLICATION FAILED TO START
***************************

Description:

Web server failed to start. Port 8081 was already in use.

Action:

Identify and stop the process that's listening on port 8081 or configure this application to listen on another port.

2025-10-18 08:18:47.743 [main] ERROR o.h.e.jdbc.spi.SqlExceptionHelper - Communications link failure

The last packet sent successfully to the server was 0 milliseconds ago. The driver has not received any packets from the server.
2025-10-18 08:18:47.753 [main] ERROR o.s.o.j.LocalContainerEntityManagerFactoryBean - Failed to initialize JPA EntityManagerFactory: Unable to create requested service [org.hibernate.engine.jdbc.env.spi.JdbcEnvironment] due to: Unable to determine Dialect without JDBC metadata (please set 'jakarta.persistence.jdbc.url' for common cases or 'hibernate.dialect' when a custom Dialect implementation must be provided)
2025-10-18 08:18:47.795 [main] ERROR o.s.boot.SpringApplication - Application run failed
org.springframework.beans.factory.BeanCreationException: Error creating bean with name 'entityManagerFactory' defined in class path resource [org/springframework/boot/autoconfigure/orm/jpa/HibernateJpaConfiguration.class]: Unable to create requested service [org.hibernate.engine.jdbc.env.spi.JdbcEnvironment] due to: Unable to determine Dialect without JDBC metadata (please set 'jakarta.persistence.jdbc.url' for common cases or 'hibernate.dialect' when a custom Dialect implementation must be provided)
	at org.springframework.beans.factory.support.AbstractAutowireCapableBeanFactory.initializeBean(AbstractAutowireCapableBeanFactory.java:1812)
	at org.springframework.beans.factory.support.AbstractAutowireCapableBeanFactory.doCreateBean(AbstractAutowireCapableBeanFactory.java:601)
	at org.springframework.beans.factory.support.AbstractAutowireCapableBeanFactory.createBean(AbstractAutowireCapableBeanFactory.java:523)
	at org.springframework.beans.factory.support.AbstractBeanFactory.lambda$doGetBean$0(AbstractBeanFactory.java:339)
	at org.springframework.beans.factory.support.DefaultSingletonBeanRegistry.getSingleton(DefaultSingletonBeanRegistry.java:347)
	at org.springframework.beans.factory.support.AbstractBeanFactory.doGetBean(AbstractBeanFactory.java:337)
	at org.springframework.beans.factory.support.AbstractBeanFactory.getBean(AbstractBeanFactory.java:207)
	at org.springframework.context.support.AbstractApplicationContext.finishBeanFactoryInitialization(AbstractApplicationContext.java:970)
	at org.springframework.context.support.AbstractApplicationContext.refresh(AbstractApplicationContext.java:627)
	at org.springframework.boot.web.servlet.context.ServletWebServerApplicationContext.refresh(ServletWebServerApplicationContext.java:146)
	at org.springframework.boot.SpringApplication.refresh(SpringApplication.java:752)
	at org.springframework.boot.SpringApplication.refreshContext(SpringApplication.java:439)
	at org.springframework.boot.SpringApplication.run(SpringApplication.java:318)
	at org.springframework.boot.SpringApplication.run(SpringApplication.java:1361)
	at org.springframework.boot.SpringApplication.run(SpringApplication.java:1350)
	at com.ProyectoFinal.ProyectoFinalIntegrador.ProyectoFinalIntegradorApplication.main(ProyectoFinalIntegradorApplication.java:12)
Caused by: org.hibernate.service.spi.ServiceException: Unable to create requested service [org.hibernate.engine.jdbc.env.spi.JdbcEnvironment] due to: Unable to determine Dialect without JDBC metadata (please set 'jakarta.persistence.jdbc.url' for common cases or 'hibernate.dialect' when a custom Dialect implementation must be provided)
	at org.hibernate.service.internal.AbstractServiceRegistryImpl.createService(AbstractServiceRegistryImpl.java:276)
	at org.hibernate.service.internal.AbstractServiceRegistryImpl.initializeService(AbstractServiceRegistryImpl.java:238)
	at org.hibernate.service.internal.AbstractServiceRegistryImpl.getService(AbstractServiceRegistryImpl.java:215)
	at org.hibernate.boot.model.relational.Database.<init>(Database.java:45)
	at org.hibernate.boot.internal.InFlightMetadataCollectorImpl.getDatabase(InFlightMetadataCollectorImpl.java:226)
	at org.hibernate.boot.internal.InFlightMetadataCollectorImpl.<init>(InFlightMetadataCollectorImpl.java:194)
	at org.hibernate.boot.model.process.spi.MetadataBuildingProcess.complete(MetadataBuildingProcess.java:171)
	at org.hibernate.jpa.boot.internal.EntityManagerFactoryBuilderImpl.metadata(EntityManagerFactoryBuilderImpl.java:1442)
	at org.hibernate.jpa.boot.internal.EntityManagerFactoryBuilderImpl.build(EntityManagerFactoryBuilderImpl.java:1513)
	at org.springframework.orm.jpa.vendor.SpringHibernateJpaPersistenceProvider.createContainerEntityManagerFactory(SpringHibernateJpaPersistenceProvider.java:66)
	at org.springframework.orm.jpa.LocalContainerEntityManagerFactoryBean.createNativeEntityManagerFactory(LocalContainerEntityManagerFactoryBean.java:390)
	at org.springframework.orm.jpa.AbstractEntityManagerFactoryBean.buildNativeEntityManagerFactory(AbstractEntityManagerFactoryBean.java:419)
	at org.springframework.orm.jpa.AbstractEntityManagerFactoryBean.afterPropertiesSet(AbstractEntityManagerFactoryBean.java:400)
	at org.springframework.orm.jpa.LocalContainerEntityManagerFactoryBean.afterPropertiesSet(LocalContainerEntityManagerFactoryBean.java:366)
	at org.springframework.beans.factory.support.AbstractAutowireCapableBeanFactory.invokeInitMethods(AbstractAutowireCapableBeanFactory.java:1859)
	at org.springframework.beans.factory.support.AbstractAutowireCapableBeanFactory.initializeBean(AbstractAutowireCapableBeanFactory.java:1808)
	... 15 common frames omitted
Caused by: org.hibernate.HibernateException: Unable to determine Dialect without JDBC metadata (please set 'jakarta.persistence.jdbc.url' for common cases or 'hibernate.dialect' when a custom Dialect implementation must be provided)
	at org.hibernate.engine.jdbc.dialect.internal.DialectFactoryImpl.determineDialect(DialectFactoryImpl.java:191)
	at org.hibernate.engine.jdbc.dialect.internal.DialectFactoryImpl.buildDialect(DialectFactoryImpl.java:87)
	at org.hibernate.engine.jdbc.env.internal.JdbcEnvironmentInitiator.getJdbcEnvironmentWithDefaults(JdbcEnvironmentInitiator.java:181)
	at org.hibernate.engine.jdbc.env.internal.JdbcEnvironmentInitiator.getJdbcEnvironmentUsingJdbcMetadata(JdbcEnvironmentInitiator.java:392)
	at org.hibernate.engine.jdbc.env.internal.JdbcEnvironmentInitiator.initiateService(JdbcEnvironmentInitiator.java:129)
	at org.hibernate.engine.jdbc.env.internal.JdbcEnvironmentInitiator.initiateService(JdbcEnvironmentInitiator.java:81)
	at org.hibernate.boot.registry.internal.StandardServiceRegistryImpl.initiateService(StandardServiceRegistryImpl.java:130)
	at org.hibernate.service.internal.AbstractServiceRegistryImpl.createService(AbstractServiceRegistryImpl.java:263)
	... 30 common frames omitted
2025-10-18 08:19:26.324 [main] ERROR o.a.f.ttf.GlyphSubstitutionTable - The expected SubstFormat for ExtensionSubstFormat1 subtable is 6 but should be 1
2025-10-18 08:19:26.348 [main] ERROR o.a.f.ttf.GlyphSubstitutionTable - The expected SubstFormat for ExtensionSubstFormat1 subtable is 6 but should be 1
2025-10-18 08:19:26.395 [main] ERROR o.a.f.ttf.GlyphSubstitutionTable - The expected SubstFormat for ExtensionSubstFormat1 subtable is 6 but should be 1
2025-10-18 08:19:31.159 [main] ERROR o.a.f.ttf.GlyphSubstitutionTable - The expected SubstFormat for ExtensionSubstFormat1 subtable is 108 but should be 1
2025-10-18 08:19:31.159 [main] ERROR o.a.f.ttf.GlyphSubstitutionTable - The expected SubstFormat for ExtensionSubstFormat1 subtable is 112 but should be 1
2025-10-18 08:19:31.159 [main] ERROR o.a.f.ttf.GlyphSubstitutionTable - The expected SubstFormat for ExtensionSubstFormat1 subtable is 116 but should be 1
2025-10-18 08:19:31.181 [main] ERROR o.a.f.ttf.GlyphSubstitutionTable - The expected SubstFormat for ExtensionSubstFormat1 subtable is 108 but should be 1
2025-10-18 08:19:31.181 [main] ERROR o.a.f.ttf.GlyphSubstitutionTable - The expected SubstFormat for ExtensionSubstFormat1 subtable is 112 but should be 1
2025-10-18 08:19:31.181 [main] ERROR o.a.f.ttf.GlyphSubstitutionTable - The expected SubstFormat for ExtensionSubstFormat1 subtable is 116 but should be 1
2025-10-18 08:19:31.204 [main] ERROR o.a.f.ttf.GlyphSubstitutionTable - The expected SubstFormat for ExtensionSubstFormat1 subtable is 108 but should be 1
2025-10-18 08:19:31.204 [main] ERROR o.a.f.ttf.GlyphSubstitutionTable - The expected SubstFormat for ExtensionSubstFormat1 subtable is 112 but should be 1
2025-10-18 08:19:31.204 [main] ERROR o.a.f.ttf.GlyphSubstitutionTable - The expected SubstFormat for ExtensionSubstFormat1 subtable is 116 but should be 1
2025-10-18 08:19:31.227 [main] ERROR o.a.f.ttf.GlyphSubstitutionTable - The expected SubstFormat for ExtensionSubstFormat1 subtable is 108 but should be 1
2025-10-18 08:19:31.228 [main] ERROR o.a.f.ttf.GlyphSubstitutionTable - The expected SubstFormat for ExtensionSubstFormat1 subtable is 112 but should be 1
2025-10-18 08:19:31.229 [main] ERROR o.a.f.ttf.GlyphSubstitutionTable - The expected SubstFormat for ExtensionSubstFormat1 subtable is 116 but should be 1
2025-10-18 08:19:31.244 [main] ERROR o.a.f.ttf.GlyphSubstitutionTable - The expected SubstFormat for ExtensionSubstFormat1 subtable is 108 but should be 1
2025-10-18 08:19:31.244 [main] ERROR o.a.f.ttf.GlyphSubstitutionTable - The expected SubstFormat for ExtensionSubstFormat1 subtable is 112 but should be 1
2025-10-18 08:19:31.244 [main] ERROR o.a.f.ttf.GlyphSubstitutionTable - The expected SubstFormat for ExtensionSubstFormat1 subtable is 116 but should be 1
2025-10-18 08:19:31.263 [main] ERROR o.a.f.ttf.GlyphSubstitutionTable - The expected SubstFormat for ExtensionSubstFormat1 subtable is 108 but should be 1
2025-10-18 08:19:31.263 [main] ERROR o.a.f.ttf.GlyphSubstitutionTable - The expected SubstFormat for ExtensionSubstFormat1 subtable is 112 but should be 1
2025-10-18 08:19:31.263 [main] ERROR o.a.f.ttf.GlyphSubstitutionTable - The expected SubstFormat for ExtensionSubstFormat1 subtable is 116 but should be 1
2025-10-18 08:19:31.643 [main] ERROR o.a.f.ttf.GlyphSubstitutionTable - The expected SubstFormat for ExtensionSubstFormat1 subtable is 7 but should be 1
2025-10-18 08:19:31.643 [main] ERROR o.a.f.ttf.GlyphSubstitutionTable - The expected SubstFormat for ExtensionSubstFormat1 subtable is 7 but should be 1
2025-10-18 08:19:31.643 [main] ERROR o.a.f.ttf.GlyphSubstitutionTable - The expected SubstFormat for ExtensionSubstFormat1 subtable is 7 but should be 1
2025-10-18 08:19:31.643 [main] ERROR o.a.f.ttf.GlyphSubstitutionTable - The expected SubstFormat for ExtensionSubstFormat1 subtable is 7 but should be 1
2025-10-18 08:19:31.643 [main] ERROR o.a.f.ttf.GlyphSubstitutionTable - The expected SubstFormat for ExtensionSubstFormat1 subtable is 7 but should be 1
2025-10-18 08:19:31.643 [main] ERROR o.a.f.ttf.GlyphSubstitutionTable - The expected SubstFormat for ExtensionSubstFormat1 subtable is 7 but should be 1
2025-10-18 08:19:31.644 [main] ERROR o.a.f.ttf.GlyphSubstitutionTable - The expected SubstFormat for ExtensionSubstFormat1 subtable is 7 but should be 1
2025-10-18 08:19:31.644 [main] ERROR o.a.f.ttf.GlyphSubstitutionTable - The expected SubstFormat for ExtensionSubstFormat1 subtable is 7 but should be 1
2025-10-18 08:19:31.644 [main] ERROR o.a.f.ttf.GlyphSubstitutionTable - The expected SubstFormat for ExtensionSubstFormat1 subtable is 7 but should be 1
2025-10-18 08:19:31.645 [main] ERROR o.a.f.ttf.GlyphSubstitutionTable - The expected SubstFormat for ExtensionSubstFormat1 subtable is 7 but should be 1
2025-10-18 08:19:31.645 [main] ERROR o.a.f.ttf.GlyphSubstitutionTable - The expected SubstFormat for ExtensionSubstFormat1 subtable is 7 but should be 1
2025-10-18 08:19:31.645 [main] ERROR o.a.f.ttf.GlyphSubstitutionTable - The expected SubstFormat for ExtensionSubstFormat1 subtable is 7 but should be 1
2025-10-18 08:19:31.645 [main] ERROR o.a.f.ttf.GlyphSubstitutionTable - The expected SubstFormat for ExtensionSubstFormat1 subtable is 7 but should be 1
2025-10-18 08:19:31.645 [main] ERROR o.a.f.ttf.GlyphSubstitutionTable - The expected SubstFormat for ExtensionSubstFormat1 subtable is 7 but should be 1
2025-10-18 08:19:32.759 [main] ERROR o.a.f.ttf.GlyphSubstitutionTable - The expected SubstFormat for ExtensionSubstFormat1 subtable is 7 but should be 1
2025-10-18 08:19:32.951 [main] ERROR o.a.f.ttf.GlyphSubstitutionTable - The expected SubstFormat for ExtensionSubstFormat1 subtable is 7 but should be 1
2025-10-18 08:19:33.085 [main] ERROR o.a.f.ttf.GlyphSubstitutionTable - The expected SubstFormat for ExtensionSubstFormat1 subtable is 7 but should be 1
2025-10-18 08:19:33.211 [main] ERROR o.a.f.ttf.GlyphSubstitutionTable - The expected SubstFormat for ExtensionSubstFormat1 subtable is 7 but should be 1
